  [1m[35m (318.1ms)[0m  [1m[35mCREATE DATABASE "taskleaf_development" ENCODING = 'unicode'[0m
  [1m[35m (364.8ms)[0m  [1m[35mCREATE DATABASE "taskleaf_test" ENCODING = 'unicode'[0m
  [1m[35m (1.2ms)[0m  [1m[35mCREATE DATABASE "taskleaf_development" ENCODING = 'unicode'[0m
  [1m[35m (0.5ms)[0m  [1m[35mCREATE DATABASE "taskleaf_test" ENCODING = 'unicode'[0m
Started GET "/" for ::1 at 2019-08-20 16:17:24 +0900
Processing by Rails::WelcomeController#index as HTML
  Rendering /Users/nttk/.rbenv/versions/2.6.3/lib/ruby/gems/2.6.0/gems/railties-6.0.0/lib/rails/templates/rails/welcome/index.html.erb
  Rendered /Users/nttk/.rbenv/versions/2.6.3/lib/ruby/gems/2.6.0/gems/railties-6.0.0/lib/rails/templates/rails/welcome/index.html.erb (Duration: 28.5ms | Allocations: 490)
Completed 200 OK in 65ms (Views: 46.8ms | ActiveRecord: 0.0ms | Allocations: 2896)


  [1m[35m (10.6ms)[0m  [1m[35mCREATE TABLE "schema_migrations" ("version" character varying NOT NULL PRIMARY KEY)[0m
  [1m[35m (6.0ms)[0m  [1m[35mCREATE TABLE "ar_internal_metadata" ("key" character varying NOT NULL PRIMARY KEY, "value" character varying, "created_at" timestamp(6) NOT NULL, "updated_at" timestamp(6) NOT NULL)[0m
  [1m[35m (0.2ms)[0m  [1m[34mSELECT pg_try_advisory_lock(3400679014569659550)[0m
  [1m[35m (0.3ms)[0m  [1m[34mSELECT "schema_migrations"."version" FROM "schema_migrations" ORDER BY "schema_migrations"."version" ASC[0m
Migrating to CreateTasks (20190820083617)
  [1m[35m (0.2ms)[0m  [1m[35mBEGIN[0m
  [1m[35m (3.3ms)[0m  [1m[35mCREATE TABLE "tasks" ("id" bigserial primary key, "name" character varying, "description" text, "created_at" timestamp(6) NOT NULL, "updated_at" timestamp(6) NOT NULL)[0m
  [1m[36mprimary::SchemaMigration Create (0.4ms)[0m  [1m[32mINSERT INTO "schema_migrations" ("version") VALUES ($1) RETURNING "version"[0m  [["version", "20190820083617"]]
  [1m[35m (0.4ms)[0m  [1m[35mCOMMIT[0m
  [1m[36mActiveRecord::InternalMetadata Load (0.2ms)[0m  [1m[34mSELECT "ar_internal_metadata".* FROM "ar_internal_metadata" WHERE "ar_internal_metadata"."key" = $1 LIMIT $2[0m  [["key", "environment"], ["LIMIT", 1]]
  [1m[35m (0.1ms)[0m  [1m[35mBEGIN[0m
  [1m[36mActiveRecord::InternalMetadata Create (0.4ms)[0m  [1m[32mINSERT INTO "ar_internal_metadata" ("key", "value", "created_at", "updated_at") VALUES ($1, $2, $3, $4) RETURNING "key"[0m  [["key", "environment"], ["value", "development"], ["created_at", "2019-08-20 08:38:19.640224"], ["updated_at", "2019-08-20 08:38:19.640224"]]
  [1m[35m (0.4ms)[0m  [1m[35mCOMMIT[0m
  [1m[35m (0.2ms)[0m  [1m[34mSELECT pg_advisory_unlock(3400679014569659550)[0m
  [1m[35m (0.6ms)[0m  [1m[34mSELECT "schema_migrations"."version" FROM "schema_migrations" ORDER BY "schema_migrations"."version" ASC[0m
Started GET "/" for ::1 at 2019-08-20 17:45:20 +0900
  [1m[35m (0.4ms)[0m  [1m[34mSELECT "schema_migrations"."version" FROM "schema_migrations" ORDER BY "schema_migrations"."version" ASC[0m
Processing by TasksController#index as HTML
Completed 406 Not Acceptable in 3ms (ActiveRecord: 0.0ms | Allocations: 1980)


  
ActionController::MissingExactTemplate (TasksController#index is missing a template for request formats: text/html):
  
actionpack (6.0.0) lib/action_controller/metal/implicit_render.rb:45:in `default_render'
actionpack (6.0.0) lib/action_controller/metal/basic_implicit_render.rb:6:in `block in send_action'
actionpack (6.0.0) lib/action_controller/metal/basic_implicit_render.rb:6:in `tap'
actionpack (6.0.0) lib/action_controller/metal/basic_implicit_render.rb:6:in `send_action'
actionpack (6.0.0) lib/abstract_controller/base.rb:196:in `process_action'
actionpack (6.0.0) lib/action_controller/metal/rendering.rb:30:in `process_action'
actionpack (6.0.0) lib/abstract_controller/callbacks.rb:42:in `block in process_action'
activesupport (6.0.0) lib/active_support/callbacks.rb:135:in `run_callbacks'
actionpack (6.0.0) lib/abstract_controller/callbacks.rb:41:in `process_action'
actionpack (6.0.0) lib/action_controller/metal/rescue.rb:22:in `process_action'
actionpack (6.0.0) lib/action_controller/metal/instrumentation.rb:33:in `block in process_action'
activesupport (6.0.0) lib/active_support/notifications.rb:180:in `block in instrument'
activesupport (6.0.0) lib/active_support/notifications/instrumenter.rb:24:in `instrument'
activesupport (6.0.0) lib/active_support/notifications.rb:180:in `instrument'
actionpack (6.0.0) lib/action_controller/metal/instrumentation.rb:32:in `process_action'
actionpack (6.0.0) lib/action_controller/metal/params_wrapper.rb:245:in `process_action'
activerecord (6.0.0) lib/active_record/railties/controller_runtime.rb:27:in `process_action'
actionpack (6.0.0) lib/abstract_controller/base.rb:136:in `process'
actionview (6.0.0) lib/action_view/rendering.rb:39:in `process'
actionpack (6.0.0) lib/action_controller/metal.rb:191:in `dispatch'
actionpack (6.0.0) lib/action_controller/metal.rb:252:in `dispatch'
actionpack (6.0.0) lib/action_dispatch/routing/route_set.rb:51:in `dispatch'
actionpack (6.0.0) lib/action_dispatch/routing/route_set.rb:33:in `serve'
actionpack (6.0.0) lib/action_dispatch/journey/router.rb:49:in `block in serve'
actionpack (6.0.0) lib/action_dispatch/journey/router.rb:32:in `each'
actionpack (6.0.0) lib/action_dispatch/journey/router.rb:32:in `serve'
actionpack (6.0.0) lib/action_dispatch/routing/route_set.rb:837:in `call'
rack (2.0.7) lib/rack/tempfile_reaper.rb:15:in `call'
rack (2.0.7) lib/rack/etag.rb:25:in `call'
rack (2.0.7) lib/rack/conditional_get.rb:25:in `call'
rack (2.0.7) lib/rack/head.rb:12:in `call'
actionpack (6.0.0) lib/action_dispatch/http/content_security_policy.rb:18:in `call'
rack (2.0.7) lib/rack/session/abstract/id.rb:232:in `context'
rack (2.0.7) lib/rack/session/abstract/id.rb:226:in `call'
actionpack (6.0.0) lib/action_dispatch/middleware/cookies.rb:648:in `call'
activerecord (6.0.0) lib/active_record/migration.rb:567:in `call'
actionpack (6.0.0) lib/action_dispatch/middleware/callbacks.rb:27:in `block in call'
activesupport (6.0.0) lib/active_support/callbacks.rb:101:in `run_callbacks'
actionpack (6.0.0) lib/action_dispatch/middleware/callbacks.rb:26:in `call'
actionpack (6.0.0) lib/action_dispatch/middleware/executor.rb:14:in `call'
actionpack (6.0.0) lib/action_dispatch/middleware/actionable_exceptions.rb:17:in `call'
actionpack (6.0.0) lib/action_dispatch/middleware/debug_exceptions.rb:32:in `call'
web-console (4.0.1) lib/web_console/middleware.rb:132:in `call_app'
web-console (4.0.1) lib/web_console/middleware.rb:28:in `block in call'
web-console (4.0.1) lib/web_console/middleware.rb:17:in `catch'
web-console (4.0.1) lib/web_console/middleware.rb:17:in `call'
actionpack (6.0.0) lib/action_dispatch/middleware/show_exceptions.rb:33:in `call'
railties (6.0.0) lib/rails/rack/logger.rb:38:in `call_app'
railties (6.0.0) lib/rails/rack/logger.rb:26:in `block in call'
activesupport (6.0.0) lib/active_support/tagged_logging.rb:80:in `block in tagged'
activesupport (6.0.0) lib/active_support/tagged_logging.rb:28:in `tagged'
activesupport (6.0.0) lib/active_support/tagged_logging.rb:80:in `tagged'
railties (6.0.0) lib/rails/rack/logger.rb:26:in `call'
sprockets-rails (3.2.1) lib/sprockets/rails/quiet_assets.rb:13:in `call'
actionpack (6.0.0) lib/action_dispatch/middleware/remote_ip.rb:81:in `call'
actionpack (6.0.0) lib/action_dispatch/middleware/request_id.rb:27:in `call'
rack (2.0.7) lib/rack/method_override.rb:22:in `call'
rack (2.0.7) lib/rack/runtime.rb:22:in `call'
activesupport (6.0.0) lib/active_support/cache/strategy/local_cache_middleware.rb:29:in `call'
actionpack (6.0.0) lib/action_dispatch/middleware/executor.rb:14:in `call'
actionpack (6.0.0) lib/action_dispatch/middleware/static.rb:126:in `call'
rack (2.0.7) lib/rack/sendfile.rb:111:in `call'
actionpack (6.0.0) lib/action_dispatch/middleware/host_authorization.rb:83:in `call'
webpacker (4.0.7) lib/webpacker/dev_server_proxy.rb:29:in `perform_request'
rack-proxy (0.6.5) lib/rack/proxy.rb:57:in `call'
railties (6.0.0) lib/rails/engine.rb:526:in `call'
puma (3.12.1) lib/puma/configuration.rb:227:in `call'
puma (3.12.1) lib/puma/server.rb:660:in `handle_request'
puma (3.12.1) lib/puma/server.rb:474:in `process_client'
puma (3.12.1) lib/puma/server.rb:334:in `block in run'
puma (3.12.1) lib/puma/thread_pool.rb:135:in `block in spawn_thread'
Started GET "/" for ::1 at 2019-08-21 10:50:51 +0900
Processing by TasksController#index as HTML
Completed 406 Not Acceptable in 7ms (ActiveRecord: 0.0ms | Allocations: 632)


  
ActionController::MissingExactTemplate (TasksController#index is missing a template for request formats: text/html):
  
actionpack (6.0.0) lib/action_controller/metal/implicit_render.rb:45:in `default_render'
actionpack (6.0.0) lib/action_controller/metal/basic_implicit_render.rb:6:in `block in send_action'
actionpack (6.0.0) lib/action_controller/metal/basic_implicit_render.rb:6:in `tap'
actionpack (6.0.0) lib/action_controller/metal/basic_implicit_render.rb:6:in `send_action'
actionpack (6.0.0) lib/abstract_controller/base.rb:196:in `process_action'
actionpack (6.0.0) lib/action_controller/metal/rendering.rb:30:in `process_action'
actionpack (6.0.0) lib/abstract_controller/callbacks.rb:42:in `block in process_action'
activesupport (6.0.0) lib/active_support/callbacks.rb:135:in `run_callbacks'
actionpack (6.0.0) lib/abstract_controller/callbacks.rb:41:in `process_action'
actionpack (6.0.0) lib/action_controller/metal/rescue.rb:22:in `process_action'
actionpack (6.0.0) lib/action_controller/metal/instrumentation.rb:33:in `block in process_action'
activesupport (6.0.0) lib/active_support/notifications.rb:180:in `block in instrument'
activesupport (6.0.0) lib/active_support/notifications/instrumenter.rb:24:in `instrument'
activesupport (6.0.0) lib/active_support/notifications.rb:180:in `instrument'
actionpack (6.0.0) lib/action_controller/metal/instrumentation.rb:32:in `process_action'
actionpack (6.0.0) lib/action_controller/metal/params_wrapper.rb:245:in `process_action'
activerecord (6.0.0) lib/active_record/railties/controller_runtime.rb:27:in `process_action'
actionpack (6.0.0) lib/abstract_controller/base.rb:136:in `process'
actionview (6.0.0) lib/action_view/rendering.rb:39:in `process'
actionpack (6.0.0) lib/action_controller/metal.rb:191:in `dispatch'
actionpack (6.0.0) lib/action_controller/metal.rb:252:in `dispatch'
actionpack (6.0.0) lib/action_dispatch/routing/route_set.rb:51:in `dispatch'
actionpack (6.0.0) lib/action_dispatch/routing/route_set.rb:33:in `serve'
actionpack (6.0.0) lib/action_dispatch/journey/router.rb:49:in `block in serve'
actionpack (6.0.0) lib/action_dispatch/journey/router.rb:32:in `each'
actionpack (6.0.0) lib/action_dispatch/journey/router.rb:32:in `serve'
actionpack (6.0.0) lib/action_dispatch/routing/route_set.rb:837:in `call'
rack (2.0.7) lib/rack/tempfile_reaper.rb:15:in `call'
rack (2.0.7) lib/rack/etag.rb:25:in `call'
rack (2.0.7) lib/rack/conditional_get.rb:25:in `call'
rack (2.0.7) lib/rack/head.rb:12:in `call'
actionpack (6.0.0) lib/action_dispatch/http/content_security_policy.rb:18:in `call'
rack (2.0.7) lib/rack/session/abstract/id.rb:232:in `context'
rack (2.0.7) lib/rack/session/abstract/id.rb:226:in `call'
actionpack (6.0.0) lib/action_dispatch/middleware/cookies.rb:648:in `call'
activerecord (6.0.0) lib/active_record/migration.rb:567:in `call'
actionpack (6.0.0) lib/action_dispatch/middleware/callbacks.rb:27:in `block in call'
activesupport (6.0.0) lib/active_support/callbacks.rb:101:in `run_callbacks'
actionpack (6.0.0) lib/action_dispatch/middleware/callbacks.rb:26:in `call'
actionpack (6.0.0) lib/action_dispatch/middleware/executor.rb:14:in `call'
actionpack (6.0.0) lib/action_dispatch/middleware/actionable_exceptions.rb:17:in `call'
actionpack (6.0.0) lib/action_dispatch/middleware/debug_exceptions.rb:32:in `call'
web-console (4.0.1) lib/web_console/middleware.rb:132:in `call_app'
web-console (4.0.1) lib/web_console/middleware.rb:28:in `block in call'
web-console (4.0.1) lib/web_console/middleware.rb:17:in `catch'
web-console (4.0.1) lib/web_console/middleware.rb:17:in `call'
actionpack (6.0.0) lib/action_dispatch/middleware/show_exceptions.rb:33:in `call'
railties (6.0.0) lib/rails/rack/logger.rb:38:in `call_app'
railties (6.0.0) lib/rails/rack/logger.rb:26:in `block in call'
activesupport (6.0.0) lib/active_support/tagged_logging.rb:80:in `block in tagged'
activesupport (6.0.0) lib/active_support/tagged_logging.rb:28:in `tagged'
activesupport (6.0.0) lib/active_support/tagged_logging.rb:80:in `tagged'
railties (6.0.0) lib/rails/rack/logger.rb:26:in `call'
sprockets-rails (3.2.1) lib/sprockets/rails/quiet_assets.rb:13:in `call'
actionpack (6.0.0) lib/action_dispatch/middleware/remote_ip.rb:81:in `call'
actionpack (6.0.0) lib/action_dispatch/middleware/request_id.rb:27:in `call'
rack (2.0.7) lib/rack/method_override.rb:22:in `call'
rack (2.0.7) lib/rack/runtime.rb:22:in `call'
activesupport (6.0.0) lib/active_support/cache/strategy/local_cache_middleware.rb:29:in `call'
actionpack (6.0.0) lib/action_dispatch/middleware/executor.rb:14:in `call'
actionpack (6.0.0) lib/action_dispatch/middleware/static.rb:126:in `call'
rack (2.0.7) lib/rack/sendfile.rb:111:in `call'
actionpack (6.0.0) lib/action_dispatch/middleware/host_authorization.rb:83:in `call'
webpacker (4.0.7) lib/webpacker/dev_server_proxy.rb:29:in `perform_request'
rack-proxy (0.6.5) lib/rack/proxy.rb:57:in `call'
railties (6.0.0) lib/rails/engine.rb:526:in `call'
puma (3.12.1) lib/puma/configuration.rb:227:in `call'
puma (3.12.1) lib/puma/server.rb:660:in `handle_request'
puma (3.12.1) lib/puma/server.rb:474:in `process_client'
puma (3.12.1) lib/puma/server.rb:334:in `block in run'
puma (3.12.1) lib/puma/thread_pool.rb:135:in `block in spawn_thread'
Started GET "/" for ::1 at 2019-08-21 10:53:16 +0900
  [1m[35m (0.8ms)[0m  [1m[34mSELECT "schema_migrations"."version" FROM "schema_migrations" ORDER BY "schema_migrations"."version" ASC[0m
Processing by TasksController#index as HTML
  Rendering tasks/index.html.slim within layouts/application
  Rendered tasks/index.html.slim within layouts/application (Duration: 24.9ms | Allocations: 9635)
[Webpacker] Compiling…
[Webpacker] Compiled all packs in /Users/nttk/Git/rails/taskleaf/public/packs
Completed 200 OK in 10458ms (Views: 10436.8ms | ActiveRecord: 0.0ms | Allocations: 1648395)


Started GET "/" for ::1 at 2019-08-21 11:15:19 +0900
Processing by TasksController#index as HTML
  Rendering tasks/index.html.slim within layouts/application
  Rendered tasks/index.html.slim within layouts/application (Duration: 3.0ms | Allocations: 1793)
Completed 200 OK in 16ms (Views: 15.2ms | ActiveRecord: 0.0ms | Allocations: 11555)


Started GET "/tasks/new" for ::1 at 2019-08-21 11:15:29 +0900
Processing by TasksController#new as HTML
  Rendering tasks/new.html.slim within layouts/application
  Rendered tasks/new.html.slim within layouts/application (Duration: 68.5ms | Allocations: 10954)
Completed 200 OK in 102ms (Views: 75.9ms | ActiveRecord: 7.9ms | Allocations: 19879)


Started GET "/tasks/new" for ::1 at 2019-08-21 11:37:11 +0900
Processing by TasksController#new as HTML
  Rendering tasks/new.html.slim within layouts/application
  Rendered tasks/new.html.slim within layouts/application (Duration: 3.6ms | Allocations: 4181)
Completed 200 OK in 19ms (Views: 14.2ms | ActiveRecord: 0.0ms | Allocations: 17578)


Started POST "/tasks" for ::1 at 2019-08-21 11:37:51 +0900
Processing by TasksController#create as HTML
  Parameters: {"authenticity_token"=>"rl7fde9DyM6t1y1Ayfm3CsdOkIPpo9xsk59WxXaG9JjHQOdc2YX9O9tyPo8dOiq7xXnpha1CImSOvgTnTeG3Vw==", "task"=>{"name"=>"一覧表示機能実装", "description"=>"一覧アクションと一覧画面実装。\r\n詳細、編集、削除はあとで。"}, "commit"=>"登録する"}
  [1m[35m (0.2ms)[0m  [1m[35mBEGIN[0m
  ↳ app/controllers/tasks_controller.rb:17:in `create'
  [1m[36mTask Create (4.3ms)[0m  [1m[32mINSERT INTO "tasks" ("name", "description", "created_at", "updated_at") VALUES ($1, $2, $3, $4) RETURNING "id"[0m  [["name", "一覧表示機能実装"], ["description", "一覧アクションと一覧画面実装。\r\n詳細、編集、削除はあとで。"], ["created_at", "2019-08-21 02:37:51.265139"], ["updated_at", "2019-08-21 02:37:51.265139"]]
  ↳ app/controllers/tasks_controller.rb:17:in `create'
  [1m[35m (0.9ms)[0m  [1m[35mCOMMIT[0m
  ↳ app/controllers/tasks_controller.rb:17:in `create'
Redirected to http://localhost:3000/tasks
Completed 302 Found in 11ms (ActiveRecord: 5.4ms | Allocations: 2820)


Started GET "/tasks" for ::1 at 2019-08-21 11:37:51 +0900
Processing by TasksController#index as HTML
  Rendering tasks/index.html.slim within layouts/application
  Rendered tasks/index.html.slim within layouts/application (Duration: 1.9ms | Allocations: 1740)
Completed 200 OK in 27ms (Views: 25.6ms | ActiveRecord: 0.0ms | Allocations: 6996)


Started GET "/tasks" for ::1 at 2019-08-21 11:37:59 +0900
Processing by TasksController#index as HTML
  Rendering tasks/index.html.slim within layouts/application
  Rendered tasks/index.html.slim within layouts/application (Duration: 0.1ms | Allocations: 55)
Completed 200 OK in 8ms (Views: 7.5ms | ActiveRecord: 0.0ms | Allocations: 5131)


Started GET "/tasks" for ::1 at 2019-08-21 11:41:50 +0900
Processing by TasksController#index as HTML
  Rendering tasks/index.html.slim within layouts/application
  Rendered tasks/index.html.slim within layouts/application (Duration: 12.0ms | Allocations: 9755)
Completed 500 Internal Server Error in 15ms (ActiveRecord: 0.0ms | Allocations: 11003)


  
ActionView::Template::Error (undefined method `each' for nil:NilClass):
     9:       th = Task.human_attribute_name(:name)
    10:       th = Task.human_attribute_name(:created_at)
    11:   tbody
    12:     - @tasks.each do |task|
    13:       tr
    14:         td = task.name
    15:         td = task.created_at
  
app/views/tasks/index.html.slim:12
Started GET "/tasks" for ::1 at 2019-08-21 11:44:11 +0900
Processing by TasksController#index as HTML
  Rendering tasks/index.html.slim within layouts/application
  [1m[36mTask Load (0.3ms)[0m  [1m[34mSELECT "tasks".* FROM "tasks"[0m
  ↳ app/views/tasks/index.html.slim:12
  Rendered tasks/index.html.slim within layouts/application (Duration: 9.0ms | Allocations: 3972)
Completed 200 OK in 19ms (Views: 13.8ms | ActiveRecord: 4.5ms | Allocations: 14003)


Started GET "/tasks" for ::1 at 2019-08-21 11:46:28 +0900
Processing by TasksController#index as HTML
  Rendering tasks/index.html.slim within layouts/application
  [1m[36mTask Load (0.2ms)[0m  [1m[34mSELECT "tasks".* FROM "tasks"[0m
  ↳ app/views/tasks/index.html.slim:12
  Rendered tasks/index.html.slim within layouts/application (Duration: 14.6ms | Allocations: 7292)
Completed 200 OK in 24ms (Views: 19.6ms | ActiveRecord: 2.4ms | Allocations: 12823)


Started GET "/tasks" for ::1 at 2019-08-21 11:54:56 +0900
Processing by TasksController#index as HTML
  Rendering tasks/index.html.slim within layouts/application
  [1m[36mTask Load (0.6ms)[0m  [1m[34mSELECT "tasks".* FROM "tasks"[0m
  ↳ app/views/tasks/index.html.slim:12
  Rendered tasks/index.html.slim within layouts/application (Duration: 8.3ms | Allocations: 8109)
Completed 200 OK in 20ms (Views: 18.2ms | ActiveRecord: 0.6ms | Allocations: 18718)


Started GET "/tasks/1" for ::1 at 2019-08-21 11:54:59 +0900
Processing by TasksController#show as HTML
  Parameters: {"id"=>"1"}
  [1m[36mTask Load (0.2ms)[0m  [1m[34mSELECT "tasks".* FROM "tasks" WHERE "tasks"."id" = $1 LIMIT $2[0m  [["id", 1], ["LIMIT", 1]]
  ↳ app/controllers/tasks_controller.rb:7:in `show'
  Rendering tasks/show.html.slim within layouts/application
  Rendered tasks/show.html.slim within layouts/application (Duration: 4.8ms | Allocations: 6641)
Completed 200 OK in 23ms (Views: 13.6ms | ActiveRecord: 0.4ms | Allocations: 12833)


Started GET "/tasks" for ::1 at 2019-08-21 12:01:35 +0900
Processing by TasksController#index as HTML
  Rendering tasks/index.html.slim within layouts/application
  [1m[36mTask Load (0.5ms)[0m  [1m[34mSELECT "tasks".* FROM "tasks"[0m
  ↳ app/views/tasks/index.html.slim:13
  Rendered tasks/index.html.slim within layouts/application (Duration: 5.0ms | Allocations: 5799)
Completed 200 OK in 16ms (Views: 15.1ms | ActiveRecord: 0.5ms | Allocations: 16103)


Started GET "/tasks/new" for ::1 at 2019-08-21 12:14:29 +0900
Processing by TasksController#new as HTML
  Rendering tasks/new.html.slim within layouts/application
  Rendered tasks/new.html.slim within layouts/application (Duration: 3.4ms | Allocations: 4139)
Completed 200 OK in 18ms (Views: 13.3ms | ActiveRecord: 0.0ms | Allocations: 17539)


Started POST "/tasks" for ::1 at 2019-08-21 12:14:56 +0900
Processing by TasksController#create as HTML
  Parameters: {"authenticity_token"=>"DgOjObUOmubISvrIwMbIBy4PRVsYhmzK00yLroJCILhnHZsQg8ivE77v6QcUBVW2LDg8XVxnksLObdmMuSVjdw==", "task"=>{"name"=>"タスク編集機能実装", "description"=>"編集用のアクション追加、ビューファイル編集"}, "commit"=>"登録する"}
  [1m[35m (0.1ms)[0m  [1m[35mBEGIN[0m
  ↳ app/controllers/tasks_controller.rb:26:in `create'
  [1m[36mTask Create (0.7ms)[0m  [1m[32mINSERT INTO "tasks" ("name", "description", "created_at", "updated_at") VALUES ($1, $2, $3, $4) RETURNING "id"[0m  [["name", "タスク編集機能実装"], ["description", "編集用のアクション追加、ビューファイル編集"], ["created_at", "2019-08-21 03:14:56.530437"], ["updated_at", "2019-08-21 03:14:56.530437"]]
  ↳ app/controllers/tasks_controller.rb:26:in `create'
  [1m[35m (0.3ms)[0m  [1m[35mCOMMIT[0m
  ↳ app/controllers/tasks_controller.rb:26:in `create'
Redirected to http://localhost:3000/tasks
Completed 302 Found in 5ms (ActiveRecord: 1.1ms | Allocations: 2611)


Started GET "/tasks" for ::1 at 2019-08-21 12:14:56 +0900
Processing by TasksController#index as HTML
  Rendering tasks/index.html.slim within layouts/application
  [1m[36mTask Load (0.4ms)[0m  [1m[34mSELECT "tasks".* FROM "tasks"[0m
  ↳ app/views/tasks/index.html.slim:13
  Rendered tasks/index.html.slim within layouts/application (Duration: 5.0ms | Allocations: 5852)
Completed 200 OK in 30ms (Views: 28.2ms | ActiveRecord: 0.4ms | Allocations: 11114)


Started GET "/tasks/2" for ::1 at 2019-08-21 12:15:01 +0900
Processing by TasksController#show as HTML
  Parameters: {"id"=>"2"}
  [1m[36mTask Load (0.2ms)[0m  [1m[34mSELECT "tasks".* FROM "tasks" WHERE "tasks"."id" = $1 LIMIT $2[0m  [["id", 2], ["LIMIT", 1]]
  ↳ app/controllers/tasks_controller.rb:7:in `show'
  Rendering tasks/show.html.slim within layouts/application
  Rendered tasks/show.html.slim within layouts/application (Duration: 5.2ms | Allocations: 6807)
Completed 200 OK in 16ms (Views: 12.8ms | ActiveRecord: 0.5ms | Allocations: 12683)


Started GET "/tasks/2/edit" for ::1 at 2019-08-21 12:15:03 +0900
Processing by TasksController#edit as HTML
  Parameters: {"id"=>"2"}
  [1m[36mTask Load (0.2ms)[0m  [1m[34mSELECT "tasks".* FROM "tasks" WHERE "tasks"."id" = $1 LIMIT $2[0m  [["id", 2], ["LIMIT", 1]]
  ↳ app/controllers/tasks_controller.rb:15:in `edit'
  Rendering tasks/edit.html.slim within layouts/application
  Rendered tasks/edit.html.slim within layouts/application (Duration: 5.3ms | Allocations: 4152)
Completed 200 OK in 16ms (Views: 13.4ms | ActiveRecord: 0.2ms | Allocations: 9900)


Started PATCH "/tasks/2" for ::1 at 2019-08-21 12:15:16 +0900
Processing by TasksController#update as HTML
  Parameters: {"authenticity_token"=>"LNh1SFf3TGta4KmltWquazGJ5C7tMw+P1iEgPhR/G86HtTTUdWzmDSahsWPfg+OKYjbLgQMe6og5xHB6TzHJVQ==", "task"=>{"name"=>"タスク編集機能実装", "description"=>"編集用のアクション追加、ビューファイル編集。"}, "commit"=>"更新する", "id"=>"2"}
  [1m[36mTask Load (0.3ms)[0m  [1m[34mSELECT "tasks".* FROM "tasks" WHERE "tasks"."id" = $1 LIMIT $2[0m  [["id", 2], ["LIMIT", 1]]
  ↳ app/controllers/tasks_controller.rb:19:in `update'
  [1m[35m (0.1ms)[0m  [1m[35mBEGIN[0m
  ↳ app/controllers/tasks_controller.rb:20:in `update'
  [1m[36mTask Update (0.6ms)[0m  [1m[33mUPDATE "tasks" SET "description" = $1, "updated_at" = $2 WHERE "tasks"."id" = $3[0m  [["description", "編集用のアクション追加、ビューファイル編集。"], ["updated_at", "2019-08-21 03:15:16.170007"], ["id", 2]]
  ↳ app/controllers/tasks_controller.rb:20:in `update'
  [1m[35m (0.3ms)[0m  [1m[35mCOMMIT[0m
  ↳ app/controllers/tasks_controller.rb:20:in `update'
Completed 500 Internal Server Error in 6ms (ActiveRecord: 1.3ms | Allocations: 4466)


  
NoMethodError (undefined method `new' for #<Task:0x00007fe2958d19c0>):
  
app/controllers/tasks_controller.rb:21:in `update'
Started PATCH "/tasks/2" for ::1 at 2019-08-21 12:16:01 +0900
Processing by TasksController#update as HTML
  Parameters: {"authenticity_token"=>"LNh1SFf3TGta4KmltWquazGJ5C7tMw+P1iEgPhR/G86HtTTUdWzmDSahsWPfg+OKYjbLgQMe6og5xHB6TzHJVQ==", "task"=>{"name"=>"タスク編集機能実装", "description"=>"編集用のアクション追加、ビューファイル編集。"}, "commit"=>"更新する", "id"=>"2"}
  [1m[36mTask Load (0.2ms)[0m  [1m[34mSELECT "tasks".* FROM "tasks" WHERE "tasks"."id" = $1 LIMIT $2[0m  [["id", 2], ["LIMIT", 1]]
  ↳ app/controllers/tasks_controller.rb:19:in `update'
Redirected to http://localhost:3000/tasks
Completed 302 Found in 10ms (ActiveRecord: 4.2ms | Allocations: 4633)


Started GET "/tasks" for ::1 at 2019-08-21 12:16:02 +0900
Processing by TasksController#index as HTML
  Rendering tasks/index.html.slim within layouts/application
  [1m[36mTask Load (0.2ms)[0m  [1m[34mSELECT "tasks".* FROM "tasks"[0m
  ↳ app/views/tasks/index.html.slim:13
  Rendered tasks/index.html.slim within layouts/application (Duration: 1.6ms | Allocations: 983)
Completed 200 OK in 10ms (Views: 8.8ms | ActiveRecord: 0.2ms | Allocations: 6246)


Started GET "/tasks/2" for ::1 at 2019-08-21 12:16:10 +0900
Processing by TasksController#show as HTML
  Parameters: {"id"=>"2"}
  [1m[36mTask Load (0.5ms)[0m  [1m[34mSELECT "tasks".* FROM "tasks" WHERE "tasks"."id" = $1 LIMIT $2[0m  [["id", 2], ["LIMIT", 1]]
  ↳ app/controllers/tasks_controller.rb:7:in `show'
  Rendering tasks/show.html.slim within layouts/application
  Rendered tasks/show.html.slim within layouts/application (Duration: 1.3ms | Allocations: 455)
Completed 200 OK in 14ms (Views: 10.7ms | ActiveRecord: 0.5ms | Allocations: 6065)


Started GET "/tasks/2/edit" for ::1 at 2019-08-21 12:16:11 +0900
Processing by TasksController#edit as HTML
  Parameters: {"id"=>"2"}
  [1m[36mTask Load (0.4ms)[0m  [1m[34mSELECT "tasks".* FROM "tasks" WHERE "tasks"."id" = $1 LIMIT $2[0m  [["id", 2], ["LIMIT", 1]]
  ↳ app/controllers/tasks_controller.rb:15:in `edit'
  Rendering tasks/edit.html.slim within layouts/application
  Rendered tasks/edit.html.slim within layouts/application (Duration: 1.9ms | Allocations: 749)
Completed 200 OK in 13ms (Views: 11.0ms | ActiveRecord: 0.4ms | Allocations: 6357)


Started GET "/tasks/new" for ::1 at 2019-08-21 12:16:19 +0900
Processing by TasksController#new as HTML
  Rendering tasks/new.html.slim within layouts/application
  Rendered tasks/new.html.slim within layouts/application (Duration: 2.7ms | Allocations: 704)
Completed 200 OK in 14ms (Views: 12.1ms | ActiveRecord: 0.0ms | Allocations: 5796)


Started GET "/tasks/1/edit" for ::1 at 2019-08-21 13:19:46 +0900
Processing by TasksController#edit as HTML
  Parameters: {"id"=>"1"}
  [1m[36mTask Load (0.4ms)[0m  [1m[34mSELECT "tasks".* FROM "tasks" WHERE "tasks"."id" = $1 LIMIT $2[0m  [["id", 1], ["LIMIT", 1]]
  ↳ app/controllers/tasks_controller.rb:15:in `edit'
  Rendering tasks/edit.html.slim within layouts/application
  Rendered tasks/edit.html.slim within layouts/application (Duration: 21.3ms | Allocations: 4137)
Completed 200 OK in 36ms (Views: 33.4ms | ActiveRecord: 0.6ms | Allocations: 15092)


Started GET "/tasks" for ::1 at 2019-08-21 13:32:16 +0900
Processing by TasksController#index as HTML
  Rendering tasks/index.html.slim within layouts/application
  [1m[36mTask Load (0.5ms)[0m  [1m[34mSELECT "tasks".* FROM "tasks"[0m
  ↳ app/views/tasks/index.html.slim:13
  Rendered tasks/index.html.slim within layouts/application (Duration: 4.6ms | Allocations: 5878)
Completed 200 OK in 16ms (Views: 15.0ms | ActiveRecord: 0.5ms | Allocations: 16187)


Started GET "/tasks/new" for ::1 at 2019-08-21 13:32:19 +0900
Processing by TasksController#new as HTML
  Rendering tasks/new.html.slim within layouts/application
  Rendered tasks/_form.html.slim (Duration: 4.2ms | Allocations: 3288)
  Rendered tasks/new.html.slim within layouts/application (Duration: 8.4ms | Allocations: 5688)
Completed 200 OK in 19ms (Views: 17.4ms | ActiveRecord: 0.0ms | Allocations: 10919)


Started GET "/tasks/new" for ::1 at 2019-08-21 13:33:09 +0900
Processing by TasksController#new as HTML
  Rendering tasks/new.html.slim within layouts/application
  Rendered tasks/_form.html.slim (Duration: 3.9ms | Allocations: 3286)
  Rendered tasks/new.html.slim within layouts/application (Duration: 6.4ms | Allocations: 5682)
Completed 200 OK in 34ms (Views: 32.4ms | ActiveRecord: 0.0ms | Allocations: 15996)


Started GET "/tasks/1/edit" for ::1 at 2019-08-21 13:33:13 +0900
Processing by TasksController#edit as HTML
  Parameters: {"id"=>"1"}
  [1m[36mTask Load (0.3ms)[0m  [1m[34mSELECT "tasks".* FROM "tasks" WHERE "tasks"."id" = $1 LIMIT $2[0m  [["id", 1], ["LIMIT", 1]]
  ↳ app/controllers/tasks_controller.rb:15:in `edit'
  Rendering tasks/edit.html.slim within layouts/application
  Rendered tasks/_form.html.slim (Duration: 1.7ms | Allocations: 701)
  Rendered tasks/edit.html.slim within layouts/application (Duration: 7.2ms | Allocations: 2959)
Completed 200 OK in 20ms (Views: 16.6ms | ActiveRecord: 0.4ms | Allocations: 8728)


